<?xml version="1.0" encoding="UTF-8"?>
<!-- Generated by org.testng.reporters.JUnitReportReporter -->
<testsuite hostname="LAPTOP-H04DTH61" failures="0" tests="2" name="Testscript.LoginTest" time="13.035" errors="0" timestamp="2025-12-09T14:09:16 IST" skipped="0">
  <testcase classname="Testscript.LoginTest" name="verifyUserIsAbleToLoginUsingValidCredentials" time="6.247"/>
  <testcase classname="Testscript.LoginTest" name="verifyUserLoginUsingValidUsernameAndInvalidPassword" time="6.788"/>
</testsuite> <!-- Testscript.LoginTest -->
