<?xml version="1.0" encoding="UTF-8"?>
<!-- Generated by org.testng.reporters.JUnitXMLReporter -->
<testsuite ignored="0" hostname="LAPTOP-H04DTH61" failures="1" tests="4" name="Test" time="37.135" errors="0" timestamp="2025-12-17T17:06:17 IST">
  <testcase classname="testscript.LoginTest" name="VerifyUserLoginUsingInvalidUsernameAndInvalidPassword" time="1.082"/>
  <testcase classname="testscript.LoginTest" name="VerifyUserLoginUsingInvalidUsernameAndValidPassword" time="0.592"/>
  <testcase classname="testscript.LoginTest" name="verifyUserIsAbleToLoginUsingValidCredentials" time="0.46">
    <failure type="java.lang.NullPointerException" message="Cannot invoke &amp;quot;pages.LoginPage.enterTheUsername(String)&amp;quot; because &amp;quot;this.loginpage&amp;quot; is null">
      <![CDATA[java.lang.NullPointerException: Cannot invoke "pages.LoginPage.enterTheUsername(String)" because "this.loginpage" is null
at testscript.LoginTest.verifyUserIsAbleToLoginUsingValidCredentials(LoginTest.java:23)
at java.base/java.util.ArrayList.forEach(ArrayList.java:1596)
... Removed 25 stack frames]]>
    </failure>
  </testcase> <!-- verifyUserIsAbleToLoginUsingValidCredentials -->
  <testcase classname="testscript.LoginTest" name="verifyUserLoginUsingValidUsernameAndInvalidPassword" time="2.653"/>
</testsuite> <!-- Test -->
