<?xml version="1.0" encoding="UTF-8"?>
<testng-results ignored="0" total="1" passed="1" failed="0" skipped="0">
  <reporter-output>
  </reporter-output>
  <suite started-at="2025-12-15T15:12:37 IST" name="Suite" finished-at="2025-12-15T15:12:52 IST" duration-ms="15539">
    <groups>
    </groups>
    <test started-at="2025-12-15T15:12:37 IST" name="Test" finished-at="2025-12-15T15:12:52 IST" duration-ms="15539">
      <class name="Testscript.ManageContactTest">
        <test-method is-config="true" signature="browserInitialisation(java.lang.String)[pri:0, instance:Testscript.ManageContactTest@3270d194]" started-at="2025-12-15T15:12:37 IST" name="browserInitialisation" finished-at="2025-12-15T15:12:43 IST" duration-ms="6367" status="PASS">
          <params>
            <param index="0">
              <value>
                <![CDATA[chrome]]>
              </value>
            </param>
          </params>
          <reporter-output>
          </reporter-output>
        </test-method> <!-- browserInitialisation -->
        <test-method signature="verifyUserIsAbleToUpdateContactDetails()[pri:0, instance:Testscript.ManageContactTest@3270d194]" started-at="2025-12-15T15:12:43 IST" name="verifyUserIsAbleToUpdateContactDetails" description="updating contact details such as address,phonenumber,email,deliverytime,deliverychargelimit by admin user" finished-at="2025-12-15T15:12:52 IST" duration-ms="8850" status="PASS">
          <reporter-output>
          </reporter-output>
        </test-method> <!-- verifyUserIsAbleToUpdateContactDetails -->
        <test-method is-config="true" signature="browserQuitAndClose(org.testng.ITestResult)[pri:0, instance:Testscript.ManageContactTest@3270d194]" started-at="2025-12-15T15:12:52 IST" name="browserQuitAndClose" finished-at="2025-12-15T15:12:52 IST" duration-ms="236" status="PASS">
          <params>
            <param index="0">
              <value>
                <![CDATA[[TestResult name=verifyUserIsAbleToUpdateContactDetails status=SUCCESS method=ManageContactTest.verifyUserIsAbleToUpdateContactDetails()[pri:0, instance:Testscript.ManageContactTest@3270d194] output={null}]]]>
              </value>
            </param>
          </params>
          <reporter-output>
          </reporter-output>
        </test-method> <!-- browserQuitAndClose -->
      </class> <!-- Testscript.ManageContactTest -->
    </test> <!-- Test -->
  </suite> <!-- Suite -->
</testng-results>
