<?xml version="1.0" encoding="UTF-8"?>
<testng-results ignored="0" total="2" passed="2" failed="0" skipped="0">
  <reporter-output>
  </reporter-output>
  <suite started-at="2025-12-09T14:09:09 IST" name="multibrowsertesting" finished-at="2025-12-09T14:09:16 IST" duration-ms="6821">
    <groups>
      <group name="regression">
        <method signature="LoginTest.verifyUserIsAbleToLoginUsingValidCredentials()[pri:0, instance:Testscript.LoginTest@14cd1699]" name="verifyUserIsAbleToLoginUsingValidCredentials" class="Testscript.LoginTest"/>
      </group> <!-- regression -->
    </groups>
    <test started-at="2025-12-09T14:09:09 IST" name="chrometest" finished-at="2025-12-09T14:09:16 IST" duration-ms="6295">
      <class name="Testscript.LoginTest">
        <test-method is-config="true" signature="browserInitialisation(java.lang.String)[pri:0, instance:Testscript.LoginTest@14cd1699]" started-at="2025-12-09T14:09:09 IST" name="browserInitialisation" finished-at="2025-12-09T14:09:13 IST" duration-ms="3865" status="PASS">
          <params>
            <param index="0">
              <value>
                <![CDATA[chrome]]>
              </value>
            </param>
          </params>
          <reporter-output>
          </reporter-output>
        </test-method> <!-- browserInitialisation -->
        <test-method signature="verifyUserIsAbleToLoginUsingValidCredentials()[pri:0, instance:Testscript.LoginTest@14cd1699]" started-at="2025-12-09T14:09:13 IST" name="verifyUserIsAbleToLoginUsingValidCredentials" finished-at="2025-12-09T14:09:15 IST" duration-ms="2081" status="PASS">
          <reporter-output>
          </reporter-output>
        </test-method> <!-- verifyUserIsAbleToLoginUsingValidCredentials -->
        <test-method is-config="true" signature="browserQuitAndClose(org.testng.ITestResult)[pri:0, instance:Testscript.LoginTest@14cd1699]" started-at="2025-12-09T14:09:15 IST" name="browserQuitAndClose" finished-at="2025-12-09T14:09:16 IST" duration-ms="301" status="PASS">
          <params>
            <param index="0">
              <value>
                <![CDATA[[TestResult name=verifyUserIsAbleToLoginUsingValidCredentials status=SUCCESS method=LoginTest.verifyUserIsAbleToLoginUsingValidCredentials()[pri:0, instance:Testscript.LoginTest@14cd1699] output={null}]]]>
              </value>
            </param>
          </params>
          <reporter-output>
          </reporter-output>
        </test-method> <!-- browserQuitAndClose -->
      </class> <!-- Testscript.LoginTest -->
    </test> <!-- chrometest -->
    <test started-at="2025-12-09T14:09:09 IST" name="firefoxtest" finished-at="2025-12-09T14:09:16 IST" duration-ms="6821">
      <class name="Testscript.LoginTest">
        <test-method is-config="true" signature="browserInitialisation(java.lang.String)[pri:0, instance:Testscript.LoginTest@2925bf5b]" started-at="2025-12-09T14:09:09 IST" name="browserInitialisation" finished-at="2025-12-09T14:09:15 IST" duration-ms="6096" status="PASS">
          <params>
            <param index="0">
              <value>
                <![CDATA[firefox]]>
              </value>
            </param>
          </params>
          <reporter-output>
          </reporter-output>
        </test-method> <!-- browserInitialisation -->
        <test-method signature="verifyUserLoginUsingValidUsernameAndInvalidPassword()[pri:0, instance:Testscript.LoginTest@2925bf5b]" started-at="2025-12-09T14:09:15 IST" name="verifyUserLoginUsingValidUsernameAndInvalidPassword" finished-at="2025-12-09T14:09:16 IST" duration-ms="548" status="PASS">
          <reporter-output>
          </reporter-output>
        </test-method> <!-- verifyUserLoginUsingValidUsernameAndInvalidPassword -->
        <test-method is-config="true" signature="browserQuitAndClose(org.testng.ITestResult)[pri:0, instance:Testscript.LoginTest@2925bf5b]" started-at="2025-12-09T14:09:16 IST" name="browserQuitAndClose" finished-at="2025-12-09T14:09:16 IST" duration-ms="144" status="PASS">
          <params>
            <param index="0">
              <value>
                <![CDATA[[TestResult name=verifyUserLoginUsingValidUsernameAndInvalidPassword status=SUCCESS method=LoginTest.verifyUserLoginUsingValidUsernameAndInvalidPassword()[pri:0, instance:Testscript.LoginTest@2925bf5b] output={null}]]]>
              </value>
            </param>
          </params>
          <reporter-output>
          </reporter-output>
        </test-method> <!-- browserQuitAndClose -->
      </class> <!-- Testscript.LoginTest -->
    </test> <!-- firefoxtest -->
  </suite> <!-- multibrowsertesting -->
</testng-results>
