<?xml version="1.0" encoding="UTF-8"?>
<!-- Generated by org.testng.reporters.JUnitXMLReporter -->
<testsuite ignored="0" hostname="LAPTOP-H04DTH61" failures="0" tests="5" name="chrometest" time="26.76" errors="0" timestamp="2025-12-09T14:00:51 IST">
  <testcase classname="Testscript.LoginTest" name="VerifyUserLoginUsingInvalidUsernameAndInvalidPassword" time="2.856"/>
  <testcase classname="Testscript.ManageNewsTest" name="verifyTheUserIsAbleToAddNews" time="2.292"/>
  <testcase classname="Testscript.LoginTest" name="VerifyUserLoginUsingInvalidUsernameAndValidPassword" time="0.637"/>
  <testcase classname="Testscript.LoginTest" name="verifyUserIsAbleToLoginUsingValidCredentials" time="2.322"/>
  <testcase classname="Testscript.LoginTest" name="verifyUserLoginUsingValidUsernameAndInvalidPassword" time="1.043"/>
</testsuite> <!-- chrometest -->
