<?xml version="1.0" encoding="UTF-8"?>
<!-- Generated by org.testng.reporters.JUnitXMLReporter -->
<testsuite ignored="3" hostname="LAPTOP-H04DTH61" failures="0" tests="1" name="firefoxtest" time="6.821" errors="0" timestamp="2025-12-09T14:09:16 IST">
  <testcase classname="Testscript.LoginTest" name="verifyUserLoginUsingValidUsernameAndInvalidPassword" time="0.548"/>
  <testcase classname="Testscript.LoginTest" name="VerifyUserLoginUsingInvalidUsernameAndInvalidPassword" time="0.0">
    <ignored/>
  </testcase> <!-- VerifyUserLoginUsingInvalidUsernameAndInvalidPassword -->
  <testcase classname="Testscript.LoginTest" name="VerifyUserLoginUsingInvalidUsernameAndValidPassword" time="0.0">
    <ignored/>
  </testcase> <!-- VerifyUserLoginUsingInvalidUsernameAndValidPassword -->
  <testcase classname="Testscript.LoginTest" name="verifyUserIsAbleToLoginUsingValidCredentials" time="0.0">
    <ignored/>
  </testcase> <!-- verifyUserIsAbleToLoginUsingValidCredentials -->
</testsuite> <!-- firefoxtest -->
